[35m[1mConsolidate compiler generated dependencies of target pcloa[0m
[ 50%] [32mBuilding CXX object CMakeFiles/pcloa.dir/src/pcloa.cpp.o[0m
[01m[K/home/akshat/ros2WS/src/zed2cpp/src/pcloa.cpp:[m[K In member function â€˜[01m[Kvoid PCLPreprocessingNode::point_cloud_callback(sensor_msgs::msg::PointCloud2_<std::allocator<void> >::SharedPtr)[m[Kâ€™:
[01m[K/home/akshat/ros2WS/src/zed2cpp/src/pcloa.cpp:34:10:[m[K [01;31m[Kerror: [m[Kâ€˜[01m[KRandomSample[m[Kâ€™ is not a member of â€˜[01m[Kpcl[m[Kâ€™
   34 |     pcl::[01;31m[KRandomSample[m[K<pcl::PointXYZ> random_sample;
      |          [01;31m[K^~~~~~~~~~~~[m[K
[01m[K/home/akshat/ros2WS/src/zed2cpp/src/pcloa.cpp:34:36:[m[K [01;31m[Kerror: [m[Kexpected primary-expression before â€˜[01m[K>[m[Kâ€™ token
   34 |     pcl::RandomSample<pcl::PointXYZ[01;31m[K>[m[K random_sample;
      |                                    [01;31m[K^[m[K
[01m[K/home/akshat/ros2WS/src/zed2cpp/src/pcloa.cpp:34:38:[m[K [01;31m[Kerror: [m[Kâ€˜[01m[Krandom_sample[m[Kâ€™ was not declared in this scope; did you mean â€˜[01m[Krandom_data[m[Kâ€™?
   34 |     pcl::RandomSample<pcl::PointXYZ> [01;31m[Krandom_sample[m[K;
      |                                      [01;31m[K^~~~~~~~~~~~~[m[K
      |                                      [32m[Krandom_data[m[K
gmake[2]: *** [CMakeFiles/pcloa.dir/build.make:76: CMakeFiles/pcloa.dir/src/pcloa.cpp.o] Error 1
gmake[1]: *** [CMakeFiles/Makefile2:137: CMakeFiles/pcloa.dir/all] Error 2
gmake: *** [Makefile:146: all] Error 2
