[0.036s] Invoking command in '/home/akshat/ros2WS/build/zed2cpp': CMAKE_PREFIX_PATH=/home/akshat/ros2WS/install/sensors:/home/akshat/ros2WS/install/zed_ros2:/home/akshat/ros2WS/install/zed_wrapper:/home/akshat/ros2WS/install/zed_components:/home/akshat/ros2WS/install/zed_interfaces:/home/akshat/ros2WS/install/zed2cpp:/home/akshat/ros2WS/install/planner:/home/akshat/ros2WS/install/stereo:/home/akshat/ros2WS/install/robot:/home/akshat/ros2WS/install/zed2nodes:/opt/ros/humble LD_LIBRARY_PATH=/home/akshat/ros2WS/install/sensors/lib:/home/akshat/ros2WS/install/zed_components/lib:/home/akshat/ros2WS/install/zed_interfaces/lib:/home/akshat/ros2WS/install/stereo/lib:/usr/lib/x86_64-linux-gnu/gazebo-11/plugins:/opt/ros/humble/opt/rviz_ogre_vendor/lib:/opt/ros/humble/lib/x86_64-linux-gnu:/opt/ros/humble/lib:/usr/local/cuda-11.8/lib64 /usr/bin/cmake --build /home/akshat/ros2WS/build/zed2cpp -- -j12 -l12
[0.072s] [35m[1mConsolidate compiler generated dependencies of target navdata[0m
[0.073s] [35m[1mConsolidate compiler generated dependencies of target nav[0m
[0.091s] [ 33%] Built target pcloa
[0.121s] [ 66%] [32mBuilding CXX object CMakeFiles/navdata.dir/src/navdata.cpp.o[0m
[0.121s] [ 66%] [32mBuilding CXX object CMakeFiles/nav.dir/src/navigation.cpp.o[0m
[2.324s] [01m[K/home/akshat/ros2WS/src/zed2cpp/src/navigation.cpp:[m[K In constructor â€˜[01m[KObstacleAvoidancePCL::ObstacleAvoidancePCL()[m[Kâ€™:
[2.324s] [01m[K/home/akshat/ros2WS/src/zed2cpp/src/navigation.cpp:150:55:[m[K [01;31m[Kerror: [m[Kâ€˜[01m[Krclcpp::Duration::Duration()[m[Kâ€™ is private within this context
[2.324s]   150 |     ObstacleAvoidancePCL() : Node("obstacle_avoidance"[01;31m[K)[m[K
[2.324s]       |                                                       [01;31m[K^[m[K
[2.324s] In file included from [01m[K/opt/ros/humble/include/rclcpp/rclcpp/qos.hpp:20[m[K,
[2.324s]                  from [01m[K/opt/ros/humble/include/rclcpp/rclcpp/node_interfaces/node_graph_interface.hpp:32[m[K,
[2.324s]                  from [01m[K/opt/ros/humble/include/rclcpp/rclcpp/client.hpp:42[m[K,
[2.324s]                  from [01m[K/opt/ros/humble/include/rclcpp/rclcpp/callback_group.hpp:24[m[K,
[2.324s]                  from [01m[K/opt/ros/humble/include/rclcpp/rclcpp/any_executable.hpp:20[m[K,
[2.324s]                  from [01m[K/opt/ros/humble/include/rclcpp/rclcpp/memory_strategy.hpp:25[m[K,
[2.324s]                  from [01m[K/opt/ros/humble/include/rclcpp/rclcpp/memory_strategies.hpp:18[m[K,
[2.324s]                  from [01m[K/opt/ros/humble/include/rclcpp/rclcpp/executor_options.hpp:20[m[K,
[2.324s]                  from [01m[K/opt/ros/humble/include/rclcpp/rclcpp/executor.hpp:37[m[K,
[2.324s]                  from [01m[K/opt/ros/humble/include/rclcpp/rclcpp/executors/multi_threaded_executor.hpp:25[m[K,
[2.324s]                  from [01m[K/opt/ros/humble/include/rclcpp/rclcpp/executors.hpp:21[m[K,
[2.324s]                  from [01m[K/opt/ros/humble/include/rclcpp/rclcpp/rclcpp.hpp:155[m[K,
[2.324s]                  from [01m[K/home/akshat/ros2WS/src/zed2cpp/src/navigation.cpp:1[m[K:
[2.324s] [01m[K/opt/ros/humble/include/rclcpp/rclcpp/duration.hpp:151:3:[m[K [01;36m[Knote: [m[Kdeclared private here
[2.325s]   151 |   [01;36m[KDuration[m[K() = default;
[2.325s]       |   [01;36m[K^~~~~~~~[m[K
[2.371s] In file included from [01m[K/opt/ros/humble/include/rclcpp/rclcpp/logging.hpp:24[m[K,
[2.371s]                  from [01m[K/opt/ros/humble/include/rclcpp/rclcpp/client.hpp:40[m[K,
[2.371s]                  from [01m[K/opt/ros/humble/include/rclcpp/rclcpp/callback_group.hpp:24[m[K,
[2.371s]                  from [01m[K/opt/ros/humble/include/rclcpp/rclcpp/any_executable.hpp:20[m[K,
[2.371s]                  from [01m[K/opt/ros/humble/include/rclcpp/rclcpp/memory_strategy.hpp:25[m[K,
[2.371s]                  from [01m[K/opt/ros/humble/include/rclcpp/rclcpp/memory_strategies.hpp:18[m[K,
[2.371s]                  from [01m[K/opt/ros/humble/include/rclcpp/rclcpp/executor_options.hpp:20[m[K,
[2.371s]                  from [01m[K/opt/ros/humble/include/rclcpp/rclcpp/executor.hpp:37[m[K,
[2.371s]                  from [01m[K/opt/ros/humble/include/rclcpp/rclcpp/executors/multi_threaded_executor.hpp:25[m[K,
[2.371s]                  from [01m[K/opt/ros/humble/include/rclcpp/rclcpp/executors.hpp:21[m[K,
[2.371s]                  from [01m[K/opt/ros/humble/include/rclcpp/rclcpp/rclcpp.hpp:155[m[K,
[2.371s]                  from [01m[K/home/akshat/ros2WS/src/zed2cpp/src/navdata.cpp:1[m[K:
[2.371s] [01m[K/home/akshat/ros2WS/src/zed2cpp/src/navdata.cpp:[m[K In constructor â€˜[01m[KNavigation::Navigation()[m[Kâ€™:
[2.371s] [01m[K/home/akshat/ros2WS/src/zed2cpp/src/navdata.cpp:110:101:[m[K [01;31m[Kerror: [m[Kâ€˜[01m[Kusing NavigationData = struct sensors::msg::NavigationData_<std::allocator<void> >[m[Kâ€™ {aka â€˜[01m[Kstruct sensors::msg::NavigationData_<std::allocator<void> >[m[Kâ€™} has no member named â€˜[01m[Kis_on_line[m[Kâ€™; did you mean â€˜[01m[Kisonline[m[Kâ€™?
[2.371s]   110 |                             nav_data_.distance, nav_data_.bearing, nav_data_.orientation, nav_data_.[01;31m[Kis_on_line[m[K);
[2.371s]       |                                                                                                     [01;31m[K^~~~~~~~~~[m[K
[5.661s] gmake[2]: *** [CMakeFiles/nav.dir/build.make:76: CMakeFiles/nav.dir/src/navigation.cpp.o] Error 1
[5.661s] gmake[1]: *** [CMakeFiles/Makefile2:167: CMakeFiles/nav.dir/all] Error 2
[5.661s] gmake[1]: *** Waiting for unfinished jobs....
[5.662s] gmake[2]: *** [CMakeFiles/navdata.dir/build.make:76: CMakeFiles/navdata.dir/src/navdata.cpp.o] Error 1
[5.662s] gmake[1]: *** [CMakeFiles/Makefile2:193: CMakeFiles/navdata.dir/all] Error 2
[5.662s] gmake: *** [Makefile:146: all] Error 2
[5.664s] Invoked command in '/home/akshat/ros2WS/build/zed2cpp' returned '2': CMAKE_PREFIX_PATH=/home/akshat/ros2WS/install/sensors:/home/akshat/ros2WS/install/zed_ros2:/home/akshat/ros2WS/install/zed_wrapper:/home/akshat/ros2WS/install/zed_components:/home/akshat/ros2WS/install/zed_interfaces:/home/akshat/ros2WS/install/zed2cpp:/home/akshat/ros2WS/install/planner:/home/akshat/ros2WS/install/stereo:/home/akshat/ros2WS/install/robot:/home/akshat/ros2WS/install/zed2nodes:/opt/ros/humble LD_LIBRARY_PATH=/home/akshat/ros2WS/install/sensors/lib:/home/akshat/ros2WS/install/zed_components/lib:/home/akshat/ros2WS/install/zed_interfaces/lib:/home/akshat/ros2WS/install/stereo/lib:/usr/lib/x86_64-linux-gnu/gazebo-11/plugins:/opt/ros/humble/opt/rviz_ogre_vendor/lib:/opt/ros/humble/lib/x86_64-linux-gnu:/opt/ros/humble/lib:/usr/local/cuda-11.8/lib64 /usr/bin/cmake --build /home/akshat/ros2WS/build/zed2cpp -- -j12 -l12
