[01m[K/home/akshat/ros2WS/src/zed2cpp/src/navdata.cpp:[m[K In constructor â€˜[01m[KNavigation::Navigation()[m[Kâ€™:
[01m[K/home/akshat/ros2WS/src/zed2cpp/src/navdata.cpp:127:71:[m[K [01;31m[Kerror: [m[Kunable to find numeric literal operator â€˜[01m[Koperator""ms[m[Kâ€™
  127 |         rclcpp::TimerBase::SharedPtr timer_ = this->create_wall_timer([01;31m[K20ms[m[K, timer_callback);
      |                                                                       [01;31m[K^~~~[m[K
gmake[2]: *** [CMakeFiles/navdata.dir/build.make:76: CMakeFiles/navdata.dir/src/navdata.cpp.o] Error 1
gmake[1]: *** [CMakeFiles/Makefile2:193: CMakeFiles/navdata.dir/all] Error 2
gmake: *** [Makefile:146: all] Error 2
