[35m[1mConsolidate compiler generated dependencies of target pcloa[0m
[ 50%] [32mBuilding CXX object CMakeFiles/pcloa.dir/src/pcloa.cpp.o[0m
[01m[K/home/akshat/ros2WS/src/zed2cpp/src/pcloa.cpp:[m[K In member function â€˜[01m[Kvoid PCLPreprocessingNode::point_cloud_callback(sensor_msgs::msg::PointCloud2_<std::allocator<void> >::SharedPtr)[m[Kâ€™:
[01m[K/home/akshat/ros2WS/src/zed2cpp/src/pcloa.cpp:31:10:[m[K [01;31m[Kerror: [m[Kâ€˜[01m[KSACSegmentation[m[Kâ€™ is not a member of â€˜[01m[Kpcl[m[Kâ€™
   31 |     pcl::[01;31m[KSACSegmentation[m[K<pcl::PointXYZ> seg;
      |          [01;31m[K^~~~~~~~~~~~~~~[m[K
[01m[K/home/akshat/ros2WS/src/zed2cpp/src/pcloa.cpp:31:39:[m[K [01;31m[Kerror: [m[Kexpected primary-expression before â€˜[01m[K>[m[Kâ€™ token
   31 |     pcl::SACSegmentation<pcl::PointXYZ[01;31m[K>[m[K seg;
      |                                       [01;31m[K^[m[K
[01m[K/home/akshat/ros2WS/src/zed2cpp/src/pcloa.cpp:31:41:[m[K [01;31m[Kerror: [m[Kâ€˜[01m[Kseg[m[Kâ€™ was not declared in this scope
   31 |     pcl::SACSegmentation<pcl::PointXYZ> [01;31m[Kseg[m[K;
      |                                         [01;31m[K^~~[m[K
[01m[K/home/akshat/ros2WS/src/zed2cpp/src/pcloa.cpp:36:27:[m[K [01;31m[Kerror: [m[Kâ€˜[01m[KSACMODEL_PLANE[m[Kâ€™ is not a member of â€˜[01m[Kpcl[m[Kâ€™
   36 |     seg.setModelType(pcl::[01;31m[KSACMODEL_PLANE[m[K);
      |                           [01;31m[K^~~~~~~~~~~~~~[m[K
[01m[K/home/akshat/ros2WS/src/zed2cpp/src/pcloa.cpp:37:28:[m[K [01;31m[Kerror: [m[Kâ€˜[01m[KSAC_RANSAC[m[Kâ€™ is not a member of â€˜[01m[Kpcl[m[Kâ€™
   37 |     seg.setMethodType(pcl::[01;31m[KSAC_RANSAC[m[K);
      |                            [01;31m[K^~~~~~~~~~[m[K
[01m[K/home/akshat/ros2WS/src/zed2cpp/src/pcloa.cpp:50:10:[m[K [01;31m[Kerror: [m[Kâ€˜[01m[KExtractIndices[m[Kâ€™ is not a member of â€˜[01m[Kpcl[m[Kâ€™
   50 |     pcl::[01;31m[KExtractIndices[m[K<pcl::PointXYZ> extract;
      |          [01;31m[K^~~~~~~~~~~~~~[m[K
[01m[K/home/akshat/ros2WS/src/zed2cpp/src/pcloa.cpp:50:38:[m[K [01;31m[Kerror: [m[Kexpected primary-expression before â€˜[01m[K>[m[Kâ€™ token
   50 |     pcl::ExtractIndices<pcl::PointXYZ[01;31m[K>[m[K extract;
      |                                      [01;31m[K^[m[K
[01m[K/home/akshat/ros2WS/src/zed2cpp/src/pcloa.cpp:50:40:[m[K [01;31m[Kerror: [m[Kâ€˜[01m[Kextract[m[Kâ€™ was not declared in this scope
   50 |     pcl::ExtractIndices<pcl::PointXYZ> [01;31m[Kextract[m[K;
      |                                        [01;31m[K^~~~~~~[m[K
gmake[2]: *** [CMakeFiles/pcloa.dir/build.make:76: CMakeFiles/pcloa.dir/src/pcloa.cpp.o] Error 1
gmake[1]: *** [CMakeFiles/Makefile2:137: CMakeFiles/pcloa.dir/all] Error 2
gmake: *** [Makefile:146: all] Error 2
