-- Found ament_cmake: 1.3.10 (/opt/ros/humble/share/ament_cmake/cmake)
-- Found rclcpp: 16.0.10 (/opt/ros/humble/share/rclcpp/cmake)
-- Found rosidl_generator_c: 3.1.5 (/opt/ros/humble/share/rosidl_generator_c/cmake)
-- Found rosidl_adapter: 3.1.5 (/opt/ros/humble/share/rosidl_adapter/cmake)
-- Found rosidl_generator_cpp: 3.1.5 (/opt/ros/humble/share/rosidl_generator_cpp/cmake)
-- Using all available rosidl_typesupport_c: rosidl_typesupport_fastrtps_c;rosidl_typesupport_introspection_c
-- Using all available rosidl_typesupport_cpp: rosidl_typesupport_fastrtps_cpp;rosidl_typesupport_introspection_cpp
-- Found rmw_implementation_cmake: 6.1.2 (/opt/ros/humble/share/rmw_implementation_cmake/cmake)
-- Found rmw_fastrtps_cpp: 6.2.7 (/opt/ros/humble/share/rmw_fastrtps_cpp/cmake)
-- Using RMW implementation 'rmw_fastrtps_cpp' as default
-- Found sensor_msgs: 4.2.4 (/opt/ros/humble/share/sensor_msgs/cmake)
-- Found pcl_conversions: 2.4.0 (/opt/ros/humble/share/pcl_conversions/cmake)
-- Eigen found (include: /usr/include/eigen3, version: 3.4.0)
-- OpenNI found (version: 1.5.4.0, include: /usr/include/ni, lib: /usr/lib/libOpenNI.so;libusb::libusb)
-- OpenNI2 found (version: 2.2.0.33, include: /usr/include/openni2, lib: /usr/lib/x86_64-linux-gnu/libOpenNI2.so;libusb::libusb)
[0m** WARNING ** io features related to pcap will be disabled[0m
[0m** WARNING ** io features related to png will be disabled[0m
-- Eigen found (include: /usr/include/eigen3, version: 3.4.0)
-- FLANN found (include: /usr/include, lib: /usr/lib/x86_64-linux-gnu/libflann_cpp.so)
-- looking for PCL_COMMON
-- looking for PCL_OCTREE
-- looking for PCL_IO
-- looking for PCL_KDTREE
-- looking for PCL_SEARCH
-- looking for PCL_SAMPLE_CONSENSUS
-- looking for PCL_FILTERS
-- looking for PCL_GEOMETRY
-- looking for PCL_2D
-- looking for PCL_FEATURES
-- looking for PCL_ML
-- looking for PCL_SEGMENTATION
-- Found sensors: 0.0.0 (/home/akshat/ros2WS/install/sensors/share/sensors/cmake)
-- Configuring done
-- Generating done
-- Build files have been written to: /home/akshat/ros2WS/build/zed2cpp
[35m[1mConsolidate compiler generated dependencies of target nav[0m
[35m[1mConsolidate compiler generated dependencies of target pcloa[0m
[ 16%] [32mBuilding CXX object CMakeFiles/navdata.dir/src/navdata.cpp.o[0m
[ 33%] [32mBuilding CXX object CMakeFiles/nav.dir/src/navigation.cpp.o[0m
[ 66%] Built target pcloa
[01m[K/home/akshat/ros2WS/src/zed2cpp/src/navdata.cpp:4:10:[m[K [01;31m[Kfatal error: [m[Ksensors/msg/navigationdata.hpp: No such file or directory
    4 | #include [01;31m[K"sensors/msg/navigationdata.hpp"[m[K
      |          [01;31m[K^~~~~~~~~~~~~~~~~~~~~~~~~~~~~~~~[m[K
compilation terminated.
gmake[2]: *** [CMakeFiles/navdata.dir/build.make:76: CMakeFiles/navdata.dir/src/navdata.cpp.o] Error 1
gmake[1]: *** [CMakeFiles/Makefile2:193: CMakeFiles/navdata.dir/all] Error 2
gmake[1]: *** Waiting for unfinished jobs....
[01m[K/home/akshat/ros2WS/src/zed2cpp/src/navigation.cpp:[m[K In constructor â€˜[01m[KObstacleAvoidancePCL::ObstacleAvoidancePCL()[m[Kâ€™:
[01m[K/home/akshat/ros2WS/src/zed2cpp/src/navigation.cpp:150:55:[m[K [01;31m[Kerror: [m[Kâ€˜[01m[Krclcpp::Duration::Duration()[m[Kâ€™ is private within this context
  150 |     ObstacleAvoidancePCL() : Node("obstacle_avoidance"[01;31m[K)[m[K
      |                                                       [01;31m[K^[m[K
In file included from [01m[K/opt/ros/humble/include/rclcpp/rclcpp/qos.hpp:20[m[K,
                 from [01m[K/opt/ros/humble/include/rclcpp/rclcpp/node_interfaces/node_graph_interface.hpp:32[m[K,
                 from [01m[K/opt/ros/humble/include/rclcpp/rclcpp/client.hpp:42[m[K,
                 from [01m[K/opt/ros/humble/include/rclcpp/rclcpp/callback_group.hpp:24[m[K,
                 from [01m[K/opt/ros/humble/include/rclcpp/rclcpp/any_executable.hpp:20[m[K,
                 from [01m[K/opt/ros/humble/include/rclcpp/rclcpp/memory_strategy.hpp:25[m[K,
                 from [01m[K/opt/ros/humble/include/rclcpp/rclcpp/memory_strategies.hpp:18[m[K,
                 from [01m[K/opt/ros/humble/include/rclcpp/rclcpp/executor_options.hpp:20[m[K,
                 from [01m[K/opt/ros/humble/include/rclcpp/rclcpp/executor.hpp:37[m[K,
                 from [01m[K/opt/ros/humble/include/rclcpp/rclcpp/executors/multi_threaded_executor.hpp:25[m[K,
                 from [01m[K/opt/ros/humble/include/rclcpp/rclcpp/executors.hpp:21[m[K,
                 from [01m[K/opt/ros/humble/include/rclcpp/rclcpp/rclcpp.hpp:155[m[K,
                 from [01m[K/home/akshat/ros2WS/src/zed2cpp/src/navigation.cpp:1[m[K:
[01m[K/opt/ros/humble/include/rclcpp/rclcpp/duration.hpp:151:3:[m[K [01;36m[Knote: [m[Kdeclared private here
  151 |   [01;36m[KDuration[m[K() = default;
      |   [01;36m[K^~~~~~~~[m[K
gmake[2]: *** [CMakeFiles/nav.dir/build.make:76: CMakeFiles/nav.dir/src/navigation.cpp.o] Error 1
gmake[1]: *** [CMakeFiles/Makefile2:167: CMakeFiles/nav.dir/all] Error 2
gmake: *** [Makefile:146: all] Error 2
