[0.012s] Invoking command in '/home/akshat/ros2WS/build/zed2cpp': CMAKE_PREFIX_PATH=/home/akshat/ros2WS/install/sensors:/home/akshat/ros2WS/install/zed_ros2:/home/akshat/ros2WS/install/zed_wrapper:/home/akshat/ros2WS/install/zed_components:/home/akshat/ros2WS/install/zed_interfaces:/home/akshat/ros2WS/install/zed2cpp:/home/akshat/ros2WS/install/planner:/home/akshat/ros2WS/install/stereo:/home/akshat/ros2WS/install/robot:/home/akshat/ros2WS/install/zed2nodes:/opt/ros/humble LD_LIBRARY_PATH=/home/akshat/ros2WS/install/sensors/lib:/home/akshat/ros2WS/install/zed_components/lib:/home/akshat/ros2WS/install/zed_interfaces/lib:/home/akshat/ros2WS/install/stereo/lib:/usr/lib/x86_64-linux-gnu/gazebo-11/plugins:/opt/ros/humble/opt/rviz_ogre_vendor/lib:/opt/ros/humble/lib/x86_64-linux-gnu:/opt/ros/humble/lib:/usr/local/cuda-11.8/lib64 /usr/bin/cmake --build /home/akshat/ros2WS/build/zed2cpp -- -j12 -l12
[0.049s] [35m[1mConsolidate compiler generated dependencies of target navdata[0m
[0.059s] [ 16%] [32mBuilding CXX object CMakeFiles/nav.dir/src/navigation.cpp.o[0m
[0.061s] [ 50%] Built target navdata
[0.066s] [ 83%] Built target pcloa
[2.259s] [01m[K/home/akshat/ros2WS/src/zed2cpp/src/navigation.cpp:[m[K In member function â€˜[01m[Kbool ObstacleAvoidancePCL::isClockWiseCloser()[m[Kâ€™:
[2.259s] [01m[K/home/akshat/ros2WS/src/zed2cpp/src/navigation.cpp:46:13:[m[K [01;31m[Kerror: [m[Kexpected â€˜[01m[K;[m[Kâ€™ before â€˜[01m[Kreturn[m[Kâ€™
[2.259s]    46 |             [01;31m[Kreturn[m[K true;
[2.259s]       |             [01;31m[K^~~~~~[m[K
[2.285s] [01m[K/home/akshat/ros2WS/src/zed2cpp/src/navigation.cpp:44:9:[m[K [01;35m[Kwarning: [m[Kthis â€˜[01m[Kif[m[Kâ€™ clause does not guard... [[01;35m[K]8;;https://gcc.gnu.org/onlinedocs/gcc/Warning-Options.html#index-Wmisleading-indentation-Wmisleading-indentation]8;;[m[K]
[2.285s]    44 |         [01;35m[Kif[m[K (clockwise_distance > 175 && counterclockwise_distance > 175 && abs(clockwise_distance - counterclockwise_distance) < 1)
[2.286s]       |         [01;35m[K^~[m[K
[2.286s] [01m[K/home/akshat/ros2WS/src/zed2cpp/src/navigation.cpp:46:13:[m[K [01;36m[Knote: [m[K...this statement, but the latter is misleadingly indented as if it were guarded by the â€˜[01m[Kif[m[Kâ€™
[2.286s]    46 |             [01;36m[Kreturn[m[K true;
[2.286s]       |             [01;36m[K^~~~~~[m[K
[2.287s] [01m[K/home/akshat/ros2WS/src/zed2cpp/src/navigation.cpp:49:13:[m[K [01;31m[Kerror: [m[Kexpected â€˜[01m[K;[m[Kâ€™ before â€˜[01m[Kreturn[m[Kâ€™
[2.287s]    49 |             [01;31m[Kreturn[m[K true;
[2.287s]       |             [01;31m[K^~~~~~[m[K
[2.287s] [01m[K/home/akshat/ros2WS/src/zed2cpp/src/navigation.cpp:47:9:[m[K [01;35m[Kwarning: [m[Kthis â€˜[01m[Kif[m[Kâ€™ clause does not guard... [[01;35m[K]8;;https://gcc.gnu.org/onlinedocs/gcc/Warning-Options.html#index-Wmisleading-indentation-Wmisleading-indentation]8;;[m[K]
[2.287s]    47 |         [01;35m[Kif[m[K (clockwise_distance < counterclockwise_distance)
[2.288s]       |         [01;35m[K^~[m[K
[2.288s] [01m[K/home/akshat/ros2WS/src/zed2cpp/src/navigation.cpp:49:13:[m[K [01;36m[Knote: [m[K...this statement, but the latter is misleadingly indented as if it were guarded by the â€˜[01m[Kif[m[Kâ€™
[2.288s]    49 |             [01;36m[Kreturn[m[K true;
[2.288s]       |             [01;36m[K^~~~~~[m[K
[2.288s] [01m[K/home/akshat/ros2WS/src/zed2cpp/src/navigation.cpp:51:9:[m[K [01;31m[Kerror: [m[Kexpected â€˜[01m[K;[m[Kâ€™ before â€˜[01m[Kreturn[m[Kâ€™
[2.289s]    51 |         [01;31m[Kreturn[m[K false;
[2.289s]       |         [01;31m[K^~~~~~[m[K
[5.388s] gmake[2]: *** [CMakeFiles/nav.dir/build.make:76: CMakeFiles/nav.dir/src/navigation.cpp.o] Error 1
[5.388s] gmake[1]: *** [CMakeFiles/Makefile2:167: CMakeFiles/nav.dir/all] Error 2
[5.388s] gmake: *** [Makefile:146: all] Error 2
[5.390s] Invoked command in '/home/akshat/ros2WS/build/zed2cpp' returned '2': CMAKE_PREFIX_PATH=/home/akshat/ros2WS/install/sensors:/home/akshat/ros2WS/install/zed_ros2:/home/akshat/ros2WS/install/zed_wrapper:/home/akshat/ros2WS/install/zed_components:/home/akshat/ros2WS/install/zed_interfaces:/home/akshat/ros2WS/install/zed2cpp:/home/akshat/ros2WS/install/planner:/home/akshat/ros2WS/install/stereo:/home/akshat/ros2WS/install/robot:/home/akshat/ros2WS/install/zed2nodes:/opt/ros/humble LD_LIBRARY_PATH=/home/akshat/ros2WS/install/sensors/lib:/home/akshat/ros2WS/install/zed_components/lib:/home/akshat/ros2WS/install/zed_interfaces/lib:/home/akshat/ros2WS/install/stereo/lib:/usr/lib/x86_64-linux-gnu/gazebo-11/plugins:/opt/ros/humble/opt/rviz_ogre_vendor/lib:/opt/ros/humble/lib/x86_64-linux-gnu:/opt/ros/humble/lib:/usr/local/cuda-11.8/lib64 /usr/bin/cmake --build /home/akshat/ros2WS/build/zed2cpp -- -j12 -l12
