[0.021s] Invoking command in '/home/akshat/ros2WS/build/zed2cpp': CMAKE_PREFIX_PATH=/home/akshat/ros2WS/install/sensors:/home/akshat/ros2WS/install/zed_ros2:/home/akshat/ros2WS/install/zed_wrapper:/home/akshat/ros2WS/install/zed_components:/home/akshat/ros2WS/install/zed_interfaces:/home/akshat/ros2WS/install/zed2cpp:/home/akshat/ros2WS/install/planner:/home/akshat/ros2WS/install/stereo:/home/akshat/ros2WS/install/robot:/home/akshat/ros2WS/install/zed2nodes:/opt/ros/humble LD_LIBRARY_PATH=/home/akshat/ros2WS/install/sensors/lib:/home/akshat/ros2WS/install/zed_components/lib:/home/akshat/ros2WS/install/zed_interfaces/lib:/home/akshat/ros2WS/install/stereo/lib:/usr/lib/x86_64-linux-gnu/gazebo-11/plugins:/opt/ros/humble/opt/rviz_ogre_vendor/lib:/opt/ros/humble/lib/x86_64-linux-gnu:/opt/ros/humble/lib:/usr/local/cuda-11.8/lib64 /usr/bin/cmake --build /home/akshat/ros2WS/build/zed2cpp -- -j12 -l12
[0.062s] [35m[1mConsolidate compiler generated dependencies of target pcloa[0m
[0.064s] [ 25%] [32mBuilding CXX object CMakeFiles/nav.dir/src/navigation.cpp.o[0m
[0.083s] [ 75%] Built target pcloa
[2.472s] [01m[K/home/akshat/ros2WS/src/zed2cpp/src/navigation.cpp:25:5:[m[K [01;31m[Kerror: [m[Kâ€˜[01m[Krover[m[Kâ€™ does not name a type
[2.472s]    25 |     [01;31m[Krover[m[K::msg::NavigationData nav_data_;
[2.472s]       |     [01;31m[K^~~~~[m[K
[2.473s] [01m[K/home/akshat/ros2WS/src/zed2cpp/src/navigation.cpp:26:5:[m[K [01;31m[Kerror: [m[Kâ€˜[01m[Krover[m[Kâ€™ does not name a type
[2.474s]    26 |     [01;31m[Krover[m[K::msg::PclObstacleData pcl_data_;
[2.474s]       |     [01;31m[K^~~~~[m[K
[2.480s] [01m[K/home/akshat/ros2WS/src/zed2cpp/src/navigation.cpp:[m[K In member function â€˜[01m[Kbool ObstacleAvoidancePCL::isClockWiseCloser()[m[Kâ€™:
[2.480s] [01m[K/home/akshat/ros2WS/src/zed2cpp/src/navigation.cpp:40:42:[m[K [01;31m[Kerror: [m[Kâ€˜[01m[Knav_data_[m[Kâ€™ was not declared in this scope
[2.480s]    40 |         double clockwise_distance = fmod([01;31m[Knav_data_[m[K.bearing - nav_data_.orientation + 360.0, 360.0);
[2.480s]       |                                          [01;31m[K^~~~~~~~~[m[K
[2.487s] [01m[K/home/akshat/ros2WS/src/zed2cpp/src/navigation.cpp:[m[K In member function â€˜[01m[Kvoid ObstacleAvoidancePCL::normalNav()[m[Kâ€™:
[2.487s] [01m[K/home/akshat/ros2WS/src/zed2cpp/src/navigation.cpp:74:16:[m[K [01;31m[Kerror: [m[Kâ€˜[01m[Knav_data_[m[Kâ€™ was not declared in this scope
[2.487s]    74 |             if([01;31m[Knav_data_[m[K.distance < 0.2){
[2.487s]       |                [01;31m[K^~~~~~~~~[m[K
[2.493s] [01m[K/home/akshat/ros2WS/src/zed2cpp/src/navigation.cpp:82:38:[m[K [01;31m[Kerror: [m[Kâ€˜[01m[Knav_data_[m[Kâ€™ was not declared in this scope
[2.493s]    82 |                 hitpoint_distance_ = [01;31m[Knav_data_[m[K.distance;
[2.493s]       |                                      [01;31m[K^~~~~~~~~[m[K
[2.498s] [01m[K/home/akshat/ros2WS/src/zed2cpp/src/navigation.cpp:91:39:[m[K [01;31m[Kerror: [m[Kâ€˜[01m[Knav_data_[m[Kâ€™ was not declared in this scope
[2.498s]    91 |                 angular_difference_ = [01;31m[Knav_data_[m[K.bearing - nav_data_.orientation;
[2.498s]       |                                       [01;31m[K^~~~~~~~~[m[K
[2.506s] [01m[K/home/akshat/ros2WS/src/zed2cpp/src/navigation.cpp:[m[K In member function â€˜[01m[Kvoid ObstacleAvoidancePCL::pclCallback(sensors::msg::Pclo_<std::allocator<void> >::SharedPtr)[m[Kâ€™:
[2.506s] [01m[K/home/akshat/ros2WS/src/zed2cpp/src/navigation.cpp:129:9:[m[K [01;31m[Kerror: [m[Kâ€˜[01m[Kpcl_data_[m[Kâ€™ was not declared in this scope
[2.506s]   129 |         [01;31m[Kpcl_data_[m[K = *msg;
[2.506s]       |         [01;31m[K^~~~~~~~~[m[K
[2.513s] [01m[K/home/akshat/ros2WS/src/zed2cpp/src/navigation.cpp:[m[K In member function â€˜[01m[Kvoid ObstacleAvoidancePCL::navDataCallback(sensors::msg::NavigationData_<std::allocator<void> >::SharedPtr)[m[Kâ€™:
[2.513s] [01m[K/home/akshat/ros2WS/src/zed2cpp/src/navigation.cpp:136:9:[m[K [01;31m[Kerror: [m[Kâ€˜[01m[Knav_data_[m[Kâ€™ was not declared in this scope
[2.514s]   136 |         [01;31m[Knav_data_[m[K = *msg;
[2.514s]       |         [01;31m[K^~~~~~~~~[m[K
[2.519s] [01m[K/home/akshat/ros2WS/src/zed2cpp/src/navigation.cpp:[m[K In member function â€˜[01m[Kvoid ObstacleAvoidancePCL::update()[m[Kâ€™:
[2.519s] [01m[K/home/akshat/ros2WS/src/zed2cpp/src/navigation.cpp:140:12:[m[K [01;31m[Kerror: [m[Kâ€˜[01m[Knav_data_[m[Kâ€™ was not declared in this scope
[2.519s]   140 |         if([01;31m[Knav_data_[m[K.is_online){
[2.519s]       |            [01;31m[K^~~~~~~~~[m[K
[2.519s] [01m[K/home/akshat/ros2WS/src/zed2cpp/src/navigation.cpp:[m[K In constructor â€˜[01m[KObstacleAvoidancePCL::ObstacleAvoidancePCL()[m[Kâ€™:
[2.519s] [01m[K/home/akshat/ros2WS/src/zed2cpp/src/navigation.cpp:150:55:[m[K [01;31m[Kerror: [m[Kâ€˜[01m[Krclcpp::Duration::Duration()[m[Kâ€™ is private within this context
[2.519s]   150 |     ObstacleAvoidancePCL() : Node("obstacle_avoidance"[01;31m[K)[m[K
[2.519s]       |                                                       [01;31m[K^[m[K
[2.520s] In file included from [01m[K/opt/ros/humble/include/rclcpp/rclcpp/qos.hpp:20[m[K,
[2.520s]                  from [01m[K/opt/ros/humble/include/rclcpp/rclcpp/node_interfaces/node_graph_interface.hpp:32[m[K,
[2.520s]                  from [01m[K/opt/ros/humble/include/rclcpp/rclcpp/client.hpp:42[m[K,
[2.520s]                  from [01m[K/opt/ros/humble/include/rclcpp/rclcpp/callback_group.hpp:24[m[K,
[2.520s]                  from [01m[K/opt/ros/humble/include/rclcpp/rclcpp/any_executable.hpp:20[m[K,
[2.520s]                  from [01m[K/opt/ros/humble/include/rclcpp/rclcpp/memory_strategy.hpp:25[m[K,
[2.520s]                  from [01m[K/opt/ros/humble/include/rclcpp/rclcpp/memory_strategies.hpp:18[m[K,
[2.520s]                  from [01m[K/opt/ros/humble/include/rclcpp/rclcpp/executor_options.hpp:20[m[K,
[2.520s]                  from [01m[K/opt/ros/humble/include/rclcpp/rclcpp/executor.hpp:37[m[K,
[2.520s]                  from [01m[K/opt/ros/humble/include/rclcpp/rclcpp/executors/multi_threaded_executor.hpp:25[m[K,
[2.520s]                  from [01m[K/opt/ros/humble/include/rclcpp/rclcpp/executors.hpp:21[m[K,
[2.520s]                  from [01m[K/opt/ros/humble/include/rclcpp/rclcpp/rclcpp.hpp:155[m[K,
[2.520s]                  from [01m[K/home/akshat/ros2WS/src/zed2cpp/src/navigation.cpp:1[m[K:
[2.520s] [01m[K/opt/ros/humble/include/rclcpp/rclcpp/duration.hpp:151:3:[m[K [01;36m[Knote: [m[Kdeclared private here
[2.520s]   151 |   [01;36m[KDuration[m[K() = default;
[2.520s]       |   [01;36m[K^~~~~~~~[m[K
[2.529s] [01m[K/home/akshat/ros2WS/src/zed2cpp/src/navigation.cpp:156:41:[m[K [01;31m[Kerror: [m[Kno matching function for call to â€˜[01m[Krclcpp::Duration::Duration(double)[m[Kâ€™
[2.530s]   156 |         interval_ = rclcpp::Duration(2.5[01;31m[K)[m[K;
[2.530s]       |                                         [01;31m[K^[m[K
[2.530s] In file included from [01m[K/opt/ros/humble/include/rclcpp/rclcpp/qos.hpp:20[m[K,
[2.530s]                  from [01m[K/opt/ros/humble/include/rclcpp/rclcpp/node_interfaces/node_graph_interface.hpp:32[m[K,
[2.530s]                  from [01m[K/opt/ros/humble/include/rclcpp/rclcpp/client.hpp:42[m[K,
[2.530s]                  from [01m[K/opt/ros/humble/include/rclcpp/rclcpp/callback_group.hpp:24[m[K,
[2.530s]                  from [01m[K/opt/ros/humble/include/rclcpp/rclcpp/any_executable.hpp:20[m[K,
[2.530s]                  from [01m[K/opt/ros/humble/include/rclcpp/rclcpp/memory_strategy.hpp:25[m[K,
[2.530s]                  from [01m[K/opt/ros/humble/include/rclcpp/rclcpp/memory_strategies.hpp:18[m[K,
[2.530s]                  from [01m[K/opt/ros/humble/include/rclcpp/rclcpp/executor_options.hpp:20[m[K,
[2.530s]                  from [01m[K/opt/ros/humble/include/rclcpp/rclcpp/executor.hpp:37[m[K,
[2.530s]                  from [01m[K/opt/ros/humble/include/rclcpp/rclcpp/executors/multi_threaded_executor.hpp:25[m[K,
[2.530s]                  from [01m[K/opt/ros/humble/include/rclcpp/rclcpp/executors.hpp:21[m[K,
[2.530s]                  from [01m[K/opt/ros/humble/include/rclcpp/rclcpp/rclcpp.hpp:155[m[K,
[2.530s]                  from [01m[K/home/akshat/ros2WS/src/zed2cpp/src/navigation.cpp:1[m[K:
[2.530s] [01m[K/opt/ros/humble/include/rclcpp/rclcpp/duration.hpp:48:3:[m[K [01;36m[Knote: [m[Kcandidate: â€˜[01m[Ktemplate<class Rep, class Period> rclcpp::Duration::Duration(const std::chrono::duration<_Rep1, _Period1>&)[m[Kâ€™
[2.530s]    48 |   [01;36m[KDuration[m[K(const std::chrono::duration<Rep, Period> & duration)  // NOLINT(runtime/explicit)
[2.530s]       |   [01;36m[K^~~~~~~~[m[K
[2.531s] [01m[K/opt/ros/humble/include/rclcpp/rclcpp/duration.hpp:48:3:[m[K [01;36m[Knote: [m[K  template argument deduction/substitution failed:
[2.531s] [01m[K/home/akshat/ros2WS/src/zed2cpp/src/navigation.cpp:156:41:[m[K [01;36m[Knote: [m[K  mismatched types â€˜[01m[Kconst std::chrono::duration<_Rep1, _Period1>[m[Kâ€™ and â€˜[01m[Kdouble[m[Kâ€™
[2.531s]   156 |         interval_ = rclcpp::Duration(2.5[01;36m[K)[m[K;
[2.531s]       |                                         [01;36m[K^[m[K
[2.531s] In file included from [01m[K/opt/ros/humble/include/rclcpp/rclcpp/qos.hpp:20[m[K,
[2.531s]                  from [01m[K/opt/ros/humble/include/rclcpp/rclcpp/node_interfaces/node_graph_interface.hpp:32[m[K,
[2.531s]                  from [01m[K/opt/ros/humble/include/rclcpp/rclcpp/client.hpp:42[m[K,
[2.531s]                  from [01m[K/opt/ros/humble/include/rclcpp/rclcpp/callback_group.hpp:24[m[K,
[2.531s]                  from [01m[K/opt/ros/humble/include/rclcpp/rclcpp/any_executable.hpp:20[m[K,
[2.531s]                  from [01m[K/opt/ros/humble/include/rclcpp/rclcpp/memory_strategy.hpp:25[m[K,
[2.531s]                  from [01m[K/opt/ros/humble/include/rclcpp/rclcpp/memory_strategies.hpp:18[m[K,
[2.531s]                  from [01m[K/opt/ros/humble/include/rclcpp/rclcpp/executor_options.hpp:20[m[K,
[2.531s]                  from [01m[K/opt/ros/humble/include/rclcpp/rclcpp/executor.hpp:37[m[K,
[2.531s]                  from [01m[K/opt/ros/humble/include/rclcpp/rclcpp/executors/multi_threaded_executor.hpp:25[m[K,
[2.531s]                  from [01m[K/opt/ros/humble/include/rclcpp/rclcpp/executors.hpp:21[m[K,
[2.531s]                  from [01m[K/opt/ros/humble/include/rclcpp/rclcpp/rclcpp.hpp:155[m[K,
[2.531s]                  from [01m[K/home/akshat/ros2WS/src/zed2cpp/src/navigation.cpp:1[m[K:
[2.531s] [01m[K/opt/ros/humble/include/rclcpp/rclcpp/duration.hpp:151:3:[m[K [01;36m[Knote: [m[Kcandidate: â€˜[01m[Krclcpp::Duration::Duration()[m[Kâ€™
[2.531s]   151 |   [01;36m[KDuration[m[K() = default;
[2.532s]       |   [01;36m[K^~~~~~~~[m[K
[2.532s] [01m[K/opt/ros/humble/include/rclcpp/rclcpp/duration.hpp:151:3:[m[K [01;36m[Knote: [m[K  candidate expects 0 arguments, 1 provided
[2.532s] [01m[K/opt/ros/humble/include/rclcpp/rclcpp/duration.hpp:61:3:[m[K [01;36m[Knote: [m[Kcandidate: â€˜[01m[Krclcpp::Duration::Duration(const rclcpp::Duration&)[m[Kâ€™
[2.532s]    61 |   [01;36m[KDuration[m[K(const Duration & rhs);
[2.532s]       |   [01;36m[K^~~~~~~~[m[K
[2.532s] [01m[K/opt/ros/humble/include/rclcpp/rclcpp/duration.hpp:61:29:[m[K [01;36m[Knote: [m[K  no known conversion for argument 1 from â€˜[01m[Kdouble[m[Kâ€™ to â€˜[01m[Kconst rclcpp::Duration&[m[Kâ€™
[2.532s]    61 |   Duration([01;36m[Kconst Duration & rhs[m[K);
[2.532s]       |            [01;36m[K~~~~~~~~~~~~~~~~~^~~[m[K
[2.532s] [01m[K/opt/ros/humble/include/rclcpp/rclcpp/duration.hpp:59:12:[m[K [01;36m[Knote: [m[Kcandidate: â€˜[01m[Krclcpp::Duration::Duration(const rcl_duration_t&)[m[Kâ€™
[2.532s]    59 |   explicit [01;36m[KDuration[m[K(const rcl_duration_t & duration);
[2.532s]       |            [01;36m[K^~~~~~~~[m[K
[2.532s] [01m[K/opt/ros/humble/include/rclcpp/rclcpp/duration.hpp:59:44:[m[K [01;36m[Knote: [m[K  no known conversion for argument 1 from â€˜[01m[Kdouble[m[Kâ€™ to â€˜[01m[Kconst rcl_duration_t&[m[Kâ€™ {aka â€˜[01m[Kconst rcl_duration_s&[m[Kâ€™}
[2.532s]    59 |   explicit Duration([01;36m[Kconst rcl_duration_t & duration[m[K);
[2.532s]       |                     [01;36m[K~~~~~~~~~~~~~~~~~~~~~~~^~~~~~~~[m[K
[2.532s] [01m[K/opt/ros/humble/include/rclcpp/rclcpp/duration.hpp:53:3:[m[K [01;36m[Knote: [m[Kcandidate: â€˜[01m[Krclcpp::Duration::Duration(const Duration&)[m[Kâ€™
[2.532s]    53 |   [01;36m[KDuration[m[K(const builtin_interfaces::msg::Duration & duration_msg);  // NOLINT(runtime/explicit)
[2.532s]       |   [01;36m[K^~~~~~~~[m[K
[2.532s] [01m[K/opt/ros/humble/include/rclcpp/rclcpp/duration.hpp:53:54:[m[K [01;36m[Knote: [m[K  no known conversion for argument 1 from â€˜[01m[Kdouble[m[Kâ€™ to â€˜[01m[Kconst Duration&[m[Kâ€™ {aka â€˜[01m[Kconst builtin_interfaces::msg::Duration_<std::allocator<void> >&[m[Kâ€™}
[2.532s]    53 |   Duration([01;36m[Kconst builtin_interfaces::msg::Duration & duration_msg[m[K);  // NOLINT(runtime/explicit)
[2.533s]       |            [01;36m[K~~~~~~~~~~~~~~~~~~~~~~~~~~~~~~~~~~~~~~~~~~^~~~~~~~~~~~[m[K
[2.533s] [01m[K/opt/ros/humble/include/rclcpp/rclcpp/duration.hpp:42:12:[m[K [01;36m[Knote: [m[Kcandidate: â€˜[01m[Krclcpp::Duration::Duration(std::chrono::nanoseconds)[m[Kâ€™
[2.533s]    42 |   explicit [01;36m[KDuration[m[K(std::chrono::nanoseconds nanoseconds);
[2.533s]       |            [01;36m[K^~~~~~~~[m[K
[2.533s] [01m[K/opt/ros/humble/include/rclcpp/rclcpp/duration.hpp:42:46:[m[K [01;36m[Knote: [m[K  no known conversion for argument 1 from â€˜[01m[Kdouble[m[Kâ€™ to â€˜[01m[Kstd::chrono::nanoseconds[m[Kâ€™ {aka â€˜[01m[Kstd::chrono::duration<long int, std::ratio<1, 1000000000> >[m[Kâ€™}
[2.533s]    42 |   explicit Duration([01;36m[Kstd::chrono::nanoseconds nanoseconds[m[K);
[2.533s]       |                     [01;36m[K~~~~~~~~~~~~~~~~~~~~~~~~~^~~~~~~~~~~[m[K
[2.533s] [01m[K/opt/ros/humble/include/rclcpp/rclcpp/duration.hpp:39:3:[m[K [01;36m[Knote: [m[Kcandidate: â€˜[01m[Krclcpp::Duration::Duration(int32_t, uint32_t)[m[Kâ€™
[2.533s]    39 |   [01;36m[KDuration[m[K(int32_t seconds, uint32_t nanoseconds);
[2.533s]       |   [01;36m[K^~~~~~~~[m[K
[2.533s] [01m[K/opt/ros/humble/include/rclcpp/rclcpp/duration.hpp:39:3:[m[K [01;36m[Knote: [m[K  candidate expects 2 arguments, 1 provided
[2.536s] [01m[K/home/akshat/ros2WS/src/zed2cpp/src/navigation.cpp:158:9:[m[K [01;31m[Kerror: [m[Kâ€˜[01m[Knav_data_[m[Kâ€™ was not declared in this scope
[2.536s]   158 |         [01;31m[Knav_data_[m[K.distance = 0;
[2.536s]       |         [01;31m[K^~~~~~~~~[m[K
[5.985s] gmake[2]: *** [CMakeFiles/nav.dir/build.make:76: CMakeFiles/nav.dir/src/navigation.cpp.o] Error 1
[5.985s] gmake[1]: *** [CMakeFiles/Makefile2:165: CMakeFiles/nav.dir/all] Error 2
[5.986s] gmake: *** [Makefile:146: all] Error 2
[5.992s] Invoked command in '/home/akshat/ros2WS/build/zed2cpp' returned '2': CMAKE_PREFIX_PATH=/home/akshat/ros2WS/install/sensors:/home/akshat/ros2WS/install/zed_ros2:/home/akshat/ros2WS/install/zed_wrapper:/home/akshat/ros2WS/install/zed_components:/home/akshat/ros2WS/install/zed_interfaces:/home/akshat/ros2WS/install/zed2cpp:/home/akshat/ros2WS/install/planner:/home/akshat/ros2WS/install/stereo:/home/akshat/ros2WS/install/robot:/home/akshat/ros2WS/install/zed2nodes:/opt/ros/humble LD_LIBRARY_PATH=/home/akshat/ros2WS/install/sensors/lib:/home/akshat/ros2WS/install/zed_components/lib:/home/akshat/ros2WS/install/zed_interfaces/lib:/home/akshat/ros2WS/install/stereo/lib:/usr/lib/x86_64-linux-gnu/gazebo-11/plugins:/opt/ros/humble/opt/rviz_ogre_vendor/lib:/opt/ros/humble/lib/x86_64-linux-gnu:/opt/ros/humble/lib:/usr/local/cuda-11.8/lib64 /usr/bin/cmake --build /home/akshat/ros2WS/build/zed2cpp -- -j12 -l12
