[0.019s] Invoking command in '/home/akshat/ros2WS/build/zed2cpp': CMAKE_PREFIX_PATH=${CMAKE_PREFIX_PATH}:/home/akshat/ros2WS/install/zed2nodes:/opt/ros/humble /usr/bin/cmake --build /home/akshat/ros2WS/build/zed2cpp -- -j12 -l12
[0.115s] [35m[1mConsolidate compiler generated dependencies of target pcloa[0m
[0.155s] [ 50%] [32mBuilding CXX object CMakeFiles/pcloa.dir/src/pcloa.cpp.o[0m
[13.506s] [01m[K/home/akshat/ros2WS/src/zed2cpp/src/pcloa.cpp:[m[K In member function â€˜[01m[Kvoid PCLPreprocessingNode::point_cloud_callback(sensor_msgs::msg::PointCloud2_<std::allocator<void> >::SharedPtr)[m[Kâ€™:
[13.506s] [01m[K/home/akshat/ros2WS/src/zed2cpp/src/pcloa.cpp:36:10:[m[K [01;31m[Kerror: [m[Kâ€˜[01m[KSACSegmentation[m[Kâ€™ is not a member of â€˜[01m[Kpcl[m[Kâ€™
[13.506s]    36 |     pcl::[01;31m[KSACSegmentation[m[K<pcl::PointXYZ> seg;
[13.506s]       |          [01;31m[K^~~~~~~~~~~~~~~[m[K
[13.507s] [01m[K/home/akshat/ros2WS/src/zed2cpp/src/pcloa.cpp:36:39:[m[K [01;31m[Kerror: [m[Kexpected primary-expression before â€˜[01m[K>[m[Kâ€™ token
[13.507s]    36 |     pcl::SACSegmentation<pcl::PointXYZ[01;31m[K>[m[K seg;
[13.507s]       |                                       [01;31m[K^[m[K
[13.521s] [01m[K/home/akshat/ros2WS/src/zed2cpp/src/pcloa.cpp:36:41:[m[K [01;31m[Kerror: [m[Kâ€˜[01m[Kseg[m[Kâ€™ was not declared in this scope
[13.521s]    36 |     pcl::SACSegmentation<pcl::PointXYZ> [01;31m[Kseg[m[K;
[13.521s]       |                                         [01;31m[K^~~[m[K
[13.539s] [01m[K/home/akshat/ros2WS/src/zed2cpp/src/pcloa.cpp:41:27:[m[K [01;31m[Kerror: [m[Kâ€˜[01m[KSACMODEL_PLANE[m[Kâ€™ is not a member of â€˜[01m[Kpcl[m[Kâ€™
[13.539s]    41 |     seg.setModelType(pcl::[01;31m[KSACMODEL_PLANE[m[K);
[13.540s]       |                           [01;31m[K^~~~~~~~~~~~~~[m[K
[13.542s] [01m[K/home/akshat/ros2WS/src/zed2cpp/src/pcloa.cpp:42:28:[m[K [01;31m[Kerror: [m[Kâ€˜[01m[KSAC_RANSAC[m[Kâ€™ is not a member of â€˜[01m[Kpcl[m[Kâ€™
[13.542s]    42 |     seg.setMethodType(pcl::[01;31m[KSAC_RANSAC[m[K);
[13.542s]       |                            [01;31m[K^~~~~~~~~~[m[K
[13.545s] [01m[K/home/akshat/ros2WS/src/zed2cpp/src/pcloa.cpp:55:10:[m[K [01;31m[Kerror: [m[Kâ€˜[01m[KExtractIndices[m[Kâ€™ is not a member of â€˜[01m[Kpcl[m[Kâ€™
[13.545s]    55 |     pcl::[01;31m[KExtractIndices[m[K<pcl::PointXYZ> extract;
[13.545s]       |          [01;31m[K^~~~~~~~~~~~~~[m[K
[13.545s] [01m[K/home/akshat/ros2WS/src/zed2cpp/src/pcloa.cpp:55:38:[m[K [01;31m[Kerror: [m[Kexpected primary-expression before â€˜[01m[K>[m[Kâ€™ token
[13.545s]    55 |     pcl::ExtractIndices<pcl::PointXYZ[01;31m[K>[m[K extract;
[13.545s]       |                                      [01;31m[K^[m[K
[13.567s] [01m[K/home/akshat/ros2WS/src/zed2cpp/src/pcloa.cpp:55:40:[m[K [01;31m[Kerror: [m[Kâ€˜[01m[Kextract[m[Kâ€™ was not declared in this scope
[13.568s]    55 |     pcl::ExtractIndices<pcl::PointXYZ> [01;31m[Kextract[m[K;
[13.569s]       |                                        [01;31m[K^~~~~~~[m[K
[22.048s] gmake[2]: *** [CMakeFiles/pcloa.dir/build.make:76: CMakeFiles/pcloa.dir/src/pcloa.cpp.o] Error 1
[22.049s] gmake[1]: *** [CMakeFiles/Makefile2:137: CMakeFiles/pcloa.dir/all] Error 2
[22.049s] gmake: *** [Makefile:146: all] Error 2
[22.055s] Invoked command in '/home/akshat/ros2WS/build/zed2cpp' returned '2': CMAKE_PREFIX_PATH=${CMAKE_PREFIX_PATH}:/home/akshat/ros2WS/install/zed2nodes:/opt/ros/humble /usr/bin/cmake --build /home/akshat/ros2WS/build/zed2cpp -- -j12 -l12
